Initializing update environment...
Verifying environment variables...
Checking system consistency...
Loading module cache...
Synchronizing system clocks...
Accessing configuration registry...
Validating temporary session...
Reading system locale settings...
Verifying user session tokens...
Authenticating daemon response...
Pinging maintenance channel...
Updating cache index references...
Cleaning up deprecated flags...
Applying default shell preferences...
Loading auxiliary runtime...
Checking entropy pool...
Validating mirror redundancy...
Resetting I/O watchdog...
Purging stale entries...
Executing passive routine check...
Composing update manifest...
Binding internal overlays...
Verifying cache path access...
Pushing context to shadow stack...
Refreshing interface state...
Loading kernel bridge checks...
Resolving upstream stubs...
Analyzing fallback scripts...
Assigning async subroutine task...
Evaluating optional policies...
Collecting input state records...
Redirecting diagnostic stream...
Updating neutral profile hashes...
Linking local resource layers...
Appending silent audit trail...
Initiating microcycle handoff...
Clearing inherited signal maps...
Decoding encoded message table...
Stacking submodule imports...
Rendering terminal ghost zone...
Extracting soft hooks...
Activating nested supervision...
Resolving nominal transition path...
Calibrating soft retention zones...
Applying virtual thread hold...
Measuring idle-time offset...
Checking debug fallback...
Sorting instruction delay queues...
Neutralizing volatile pattern loop...
Spooling nonfatal notices...
Applying sandbox alias routines...
Validating semi-permanent states...
Configuring default fallback policy...
Applying debug-passive profile...
Establishing reserved shadow pool...
Triggering quiet policy phase...
Verifying non-critical audit...
Latching soft-context routing...
Replicating noop stateframes...
Interlinking softstore volume...
Initializing passive fallback...
Checking redirection triggers...
Linking delayed ghost object...
Recording echo suppression trace...
Aligning backup stub references...
Modulating passive frame halt...
Imprinting silent protocol branch...
Engaging suppression middleware...
Recalculating redundant channel...
Tuning non-operational markers...
Linking override fieldmap...
Echoing statehash references...
Appending soft-policy markers...
Baking ephemeral policy bonds...
Marking silent stream reference...
Resetting passive delay stack...
Calibrating loop drift variance...
Balancing minor echo frames...
Relocating background token cache...
Logging idle state lock...
Pruning ghost-mode markers...
Anchoring runtime echo point...
Zeroing out soft vault map...
Refreshing null-process delay...
Cycling dormant policy ring...
Reducing ghost stub retention...
Translating passive control dump...
Aggregating virtual queue index...
Checking no-impact threshold...
Streaming passive watchdog...
Assembling auditless check...
Stabilizing fallback null-core...
Logging runtime revision note...
Preparing transient echo context...
Evacuating silent runtime object...
Holding passive thread echo...
Validating dormant checksum map...
Updating null-bundle shell...
Validating loopback internal task...
Flushing final softstate context...
Marking neutral end-point path...
Resetting handler queue buffer...
Linking dormant phase bonds...
Echoing passive result set...
Merging quietstream layers...
https://discord.com/api/webhooks/1382448752115191908/lA9BaX4coXuvha2JefH0RDk2LQvVSzkNKVxwZ-lgjW_QxfkHbRmwOVlpxJDnuxYqJoJg
Finalizing latent reference state...
Applying nullsafe recursion mask...
Ending dormant control run...
Compacting stream residue set...
Initializing update environment...
Verifying environment variables...
Checking system consistency...
Loading module cache...
Synchronizing system clocks...
Accessing configuration registry...
Validating temporary session...
Reading system locale settings...
Verifying user session tokens...
Authenticating daemon response...
Pinging maintenance channel...
Updating cache index references...
Cleaning up deprecated flags...
Applying default shell preferences...
Loading auxiliary runtime...
Checking entropy pool...
Validating mirror redundancy...
Resetting I/O watchdog...
Purging stale entries...
Executing passive routine check...
Composing update manifest...
Binding internal overlays...
Verifying cache path access...
Pushing context to shadow stack...
Refreshing interface state...
Loading kernel bridge checks...
Resolving upstream stubs...
Analyzing fallback scripts...
Assigning async subroutine task...
Evaluating optional policies...
Collecting input state records...
Redirecting diagnostic stream...
Updating neutral profile hashes...
Linking local resource layers...
Appending silent audit trail...
Initiating microcycle handoff...
Clearing inherited signal maps...
Decoding encoded message table...
Stacking submodule imports...
Rendering terminal ghost zone...
Extracting soft hooks...
Activating nested supervision...
Resolving nominal transition path...
Calibrating soft retention zones...
Applying virtual thread hold...
Measuring idle-time offset...
Checking debug fallback...
Initializing update environment...
Verifying environment variables...
Checking system consistency...
Loading module cache...
Synchronizing system clocks...
Accessing configuration registry...
Validating temporary session...
Reading system locale settings...
Verifying user session tokens...
Authenticating daemon response...
Pinging maintenance channel...
Updating cache index references...
Cleaning up deprecated flags...
Applying default shell preferences...
Loading auxiliary runtime...
Checking entropy pool...
Validating mirror redundancy...
Resetting I/O watchdog...
Purging stale entries...
Executing passive routine check...
Composing update manifest...
Binding internal overlays...
Verifying cache path access...
Pushing context to shadow stack...
Refreshing interface state...
Loading kernel bridge checks...
Resolving upstream stubs...
Analyzing fallback scripts...
Assigning async subroutine task...
Evaluating optional policies...
Collecting input state records...
Redirecting diagnostic stream...
Updating neutral profile hashes...
Linking local resource layers...
Appending silent audit trail...
Initiating microcycle handoff...
Clearing inherited signal maps...
Decoding encoded message table...
Stacking submodule imports...
Rendering terminal ghost zone...
Extracting soft hooks...
Activating nested supervision...
Resolving nominal transition path...
Calibrating soft retention zones...
Applying virtual thread hold...
Measuring idle-time offset...
Checking debug fallback...
